<t>123Abc</t>