<t>out of luck</t>
