<elem att1="a;b;c" att2="x;y;z;t"/>
